Determining if the pthread_create exist failed with the following output:
Change Dir: /home/jethro/IWR1642_ROS/build/CMakeFiles/CMakeTmp

Run Build Command:"/usr/bin/make" "cmTC_77e00/fast"
/usr/bin/make -f CMakeFiles/cmTC_77e00.dir/build.make CMakeFiles/cmTC_77e00.dir/build
make[1]: Entering directory '/home/jethro/IWR1642_ROS/build/CMakeFiles/CMakeTmp'
Building C object CMakeFiles/cmTC_77e00.dir/CheckSymbolExists.c.o
/usr/bin/cc    -o CMakeFiles/cmTC_77e00.dir/CheckSymbolExists.c.o   -c /home/jethro/IWR1642_ROS/build/CMakeFiles/CMakeTmp/CheckSymbolExists.c
Linking C executable cmTC_77e00
/usr/bin/cmake -E cmake_link_script CMakeFiles/cmTC_77e00.dir/link.txt --verbose=1
/usr/bin/cc      -rdynamic CMakeFiles/cmTC_77e00.dir/CheckSymbolExists.c.o  -o cmTC_77e00 
CMakeFiles/cmTC_77e00.dir/CheckSymbolExists.c.o: In function `main':
CheckSymbolExists.c:(.text+0x1b): undefined reference to `pthread_create'
collect2: error: ld returned 1 exit status
CMakeFiles/cmTC_77e00.dir/build.make:97: recipe for target 'cmTC_77e00' failed
make[1]: *** [cmTC_77e00] Error 1
make[1]: Leaving directory '/home/jethro/IWR1642_ROS/build/CMakeFiles/CMakeTmp'
Makefile:126: recipe for target 'cmTC_77e00/fast' failed
make: *** [cmTC_77e00/fast] Error 2

File /home/jethro/IWR1642_ROS/build/CMakeFiles/CMakeTmp/CheckSymbolExists.c:
/* */
#include <pthread.h>

int main(int argc, char** argv)
{
  (void)argv;
#ifndef pthread_create
  return ((int*)(&pthread_create))[argc];
#else
  (void)argc;
  return 0;
#endif
}

Determining if the function pthread_create exists in the pthreads failed with the following output:
Change Dir: /home/jethro/IWR1642_ROS/build/CMakeFiles/CMakeTmp

Run Build Command:"/usr/bin/make" "cmTC_93eaa/fast"
/usr/bin/make -f CMakeFiles/cmTC_93eaa.dir/build.make CMakeFiles/cmTC_93eaa.dir/build
make[1]: Entering directory '/home/jethro/IWR1642_ROS/build/CMakeFiles/CMakeTmp'
Building C object CMakeFiles/cmTC_93eaa.dir/CheckFunctionExists.c.o
/usr/bin/cc   -DCHECK_FUNCTION_EXISTS=pthread_create   -o CMakeFiles/cmTC_93eaa.dir/CheckFunctionExists.c.o   -c /usr/share/cmake-3.10/Modules/CheckFunctionExists.c
Linking C executable cmTC_93eaa
/usr/bin/cmake -E cmake_link_script CMakeFiles/cmTC_93eaa.dir/link.txt --verbose=1
/usr/bin/cc  -DCHECK_FUNCTION_EXISTS=pthread_create    -rdynamic CMakeFiles/cmTC_93eaa.dir/CheckFunctionExists.c.o  -o cmTC_93eaa -lpthreads 
/usr/bin/ld: cannot find -lpthreads
collect2: error: ld returned 1 exit status
CMakeFiles/cmTC_93eaa.dir/build.make:97: recipe for target 'cmTC_93eaa' failed
make[1]: *** [cmTC_93eaa] Error 1
make[1]: Leaving directory '/home/jethro/IWR1642_ROS/build/CMakeFiles/CMakeTmp'
Makefile:126: recipe for target 'cmTC_93eaa/fast' failed
make: *** [cmTC_93eaa/fast] Error 2


